<?xml version="1.0" encoding="UTF-8"?>
<!-- Generated by org.testng.reporters.JUnitReportReporter -->
<testsuite hostname="DESKTOP-7A190HN" failures="0" tests="2" name="Assignment1.Tests.GmailLoginTest" time="46.061" errors="0" timestamp="2022-09-16T00:58:05 IST" skipped="0">
  <testcase classname="Assignment1.Tests.GmailLoginTest" name="assignment1Part2" time="15.515"/>
  <system-out/>
  <testcase classname="Assignment1.Tests.GmailLoginTest" name="assignment1" time="30.546"/>
  <system-out/>
</testsuite> <!-- Assignment1.Tests.GmailLoginTest -->
