<?xml version="1.0" encoding="UTF-8"?>
<!-- Generated by org.testng.reporters.JUnitReportReporter -->
<testsuite hostname="DESKTOP-7A190HN" failures="0" tests="2" name="Assignment1.Tests.WrongCredentialTest" time="47.481" errors="0" timestamp="2022-09-16T00:58:05 IST" skipped="0">
  <testcase classname="Assignment1.Tests.WrongCredentialTest" name="assingment2" time="34.059"/>
  <system-out/>
  <testcase classname="Assignment1.Tests.WrongCredentialTest" name="assignment2Part2" time="13.422"/>
  <system-out/>
</testsuite> <!-- Assignment1.Tests.WrongCredentialTest -->
