<?xml version="1.0" encoding="UTF-8"?>
<!-- Generated by org.testng.reporters.JUnitReportReporter -->
<testsuite hostname="DESKTOP-7A190HN" failures="0" tests="1" name="Assignment1.Tests.SetNewResoluationTest" time="49.534" errors="0" timestamp="2022-09-16T00:26:51 IST" skipped="0">
  <testcase classname="Assignment1.Tests.SetNewResoluationTest" name="setNewResoluation" time="49.534"/>
  <system-out/>
</testsuite> <!-- Assignment1.Tests.SetNewResoluationTest -->
